<?xml version="1.0" encoding="UTF-8"?>
<testsuite xmlns:xsi="http://www.w3.org/2001/XMLSchema-instance" xsi:noNamespaceSchemaLocation="https://maven.apache.org/surefire/maven-surefire-plugin/xsd/surefire-test-report.xsd" version="3.0.2" name="com.omkaar.bank.BankApplicationTests" time="10.071" tests="1" errors="0" skipped="0" failures="0">
  <properties>
[...]
</properties>
  <testcase name="contextLoads" classname="com.omkaar.bank.BankApplicationTests" time="0.06">
    <system-out><![CDATA[09:12:19.658 [main] INFO org.springframework.test.context.support.AnnotationConfigContextLoaderUtils -- Could not detect default configuration classes for test class [com.omkaar.bank.BankApplicationTests]: BankApplicationTests does not declare any static, non-private, non-final, nested classes annotated with @Configuration.
09:12:19.905 [main] INFO org.springframework.boot.test.context.SpringBootTestContextBootstrapper -- Found @SpringBootConfiguration com.omkaar.bank.BankApplication for test class com.omkaar.bank.BankApplicationTests

  .   ____          _            __ _ _
 /\\ / ___'_ __ _ _(_)_ __  __ _ \ \ \ \
( ( )\___ | '_ | '_| | '_ \/ _` | \ \ \ \
 \\/  ___)| |_)| | | | | || (_| |  ) ) ) )
  '  |____| .__|_| |_|_| |_\__, | / / / /
 =========|_|==============|___/=/_/_/_/

 :: Spring Boot ::                (v3.5.9)

2026-04-09T09:12:21.018+05:30  INFO 14928 --- [bank] [           main] com.omkaar.bank.BankApplicationTests     : Starting BankApplicationTests using Java 22.0.1 with PID 14928 (started by DELL in C:\bank-management-system-main\bank-api)
2026-04-09T09:12:21.021+05:30  INFO 14928 --- [bank] [           main] com.omkaar.bank.BankApplicationTests     : No active profile set, falling back to 1 default profile: "default"
2026-04-09T09:12:22.503+05:30  INFO 14928 --- [bank] [           main] .s.d.r.c.RepositoryConfigurationDelegate : Bootstrapping Spring Data JPA repositories in DEFAULT mode.
2026-04-09T09:12:22.612+05:30  INFO 14928 --- [bank] [           main] .s.d.r.c.RepositoryConfigurationDelegate : Finished Spring Data repository scanning in 95 ms. Found 4 JPA repository interfaces.
2026-04-09T09:12:24.982+05:30  INFO 14928 --- [bank] [           main] o.hibernate.jpa.internal.util.LogHelper  : HHH000204: Processing PersistenceUnitInfo [name: default]
2026-04-09T09:12:25.123+05:30  INFO 14928 --- [bank] [           main] org.hibernate.Version                    : HHH000412: Hibernate ORM core version 6.6.39.Final
2026-04-09T09:12:25.212+05:30  INFO 14928 --- [bank] [           main] o.h.c.internal.RegionFactoryInitiator    : HHH000026: Second-level cache disabled
2026-04-09T09:12:25.515+05:30  INFO 14928 --- [bank] [           main] o.s.o.j.p.SpringPersistenceUnitInfo      : No LoadTimeWeaver setup: ignoring JPA class transformer
2026-04-09T09:12:25.581+05:30  INFO 14928 --- [bank] [           main] com.zaxxer.hikari.HikariDataSource       : HikariPool-1 - Starting...
2026-04-09T09:12:25.952+05:30  INFO 14928 --- [bank] [           main] com.zaxxer.hikari.pool.HikariPool        : HikariPool-1 - Added connection conn0: url=jdbc:h2:mem:testdb user=SA
2026-04-09T09:12:25.954+05:30  INFO 14928 --- [bank] [           main] com.zaxxer.hikari.HikariDataSource       : HikariPool-1 - Start completed.
2026-04-09T09:12:26.021+05:30  WARN 14928 --- [bank] [           main] org.hibernate.dialect.Dialect            : HHH000511: The 2.3.232 version for [org.hibernate.dialect.MySQLDialect] is no longer supported, hence certain features may not work properly. The minimum supported version is 8.0.0. Check the community dialects project for available legacy versions.
2026-04-09T09:12:26.037+05:30  WARN 14928 --- [bank] [           main] org.hibernate.orm.deprecation            : HHH90000025: MySQLDialect does not need to be specified explicitly using 'hibernate.dialect' (remove the property setting and it will be selected by default)
2026-04-09T09:12:26.081+05:30  INFO 14928 --- [bank] [           main] org.hibernate.orm.connections.pooling    : HHH10001005: Database info:
	Database JDBC URL [Connecting through datasource 'HikariDataSource (HikariPool-1)']
	Database driver: undefined/unknown
	Database version: 2.3.232
	Autocommit mode: undefined/unknown
	Isolation level: undefined/unknown
	Minimum pool size: undefined/unknown
	Maximum pool size: undefined/unknown
2026-04-09T09:12:27.445+05:30  INFO 14928 --- [bank] [           main] o.h.e.t.j.p.i.JtaPlatformInitiator       : HHH000489: No JTA platform available (set 'hibernate.transaction.jta.platform' to enable JTA platform integration)
Hibernate: drop table if exists accounts
Hibernate: drop table if exists loan_requests
Hibernate: drop table if exists transactions
Hibernate: drop table if exists users
Hibernate: create table accounts (balance decimal(19,2) not null, frozen bit not null, created_at datetime(6) not null, id binary(16) not null, type enum ('CURRENT','SAVINGS') not null, primary key (id)) engine=InnoDB
Hibernate: create table loan_requests (amount decimal(19,2) not null, created_at datetime(6) not null, processed_at datetime(6), account_id binary(16) not null, id binary(16) not null, status enum ('APPROVED','PENDING','REJECTED') not null, primary key (id)) engine=InnoDB
Hibernate: create table transactions (amount decimal(19,2) not null, timestamp datetime(6) not null, from_account_id binary(16), id binary(16) not null, to_account_id binary(16), type enum ('DEPOSIT','TRANSFER','WITHDRAWAL') not null, primary key (id)) engine=InnoDB
Hibernate: create table users (created_at datetime(6) not null, account_id binary(16) not null, id binary(16) not null, email varchar(255) not null, name varchar(255) not null, password varchar(255) not null, pin_hash varchar(255), primary key (id)) engine=InnoDB
Hibernate: alter table users add constraint UK1yov8c5ew74vlt8qra6cewq99 unique (account_id)
Hibernate: alter table users add constraint UK6dotkott2kjsp8vw4d0m25fb7 unique (email)
2026-04-09T09:12:27.507+05:30  INFO 14928 --- [bank] [           main] j.LocalContainerEntityManagerFactoryBean : Initialized JPA EntityManagerFactory for persistence unit 'default'
2026-04-09T09:12:28.588+05:30  WARN 14928 --- [bank] [           main] JpaBaseConfiguration$JpaWebConfiguration : spring.jpa.open-in-view is enabled by default. Therefore, database queries may be performed during view rendering. Explicitly configure spring.jpa.open-in-view to disable this warning
2026-04-09T09:12:29.342+05:30  INFO 14928 --- [bank] [           main] com.omkaar.bank.BankApplicationTests     : Started BankApplicationTests in 9.032 seconds (process running for 11.321)
]]></system-out>
    <system-err><![CDATA[Mockito is currently self-attaching to enable the inline-mock-maker. This will no longer work in future releases of the JDK. Please add Mockito as an agent to your build as described in Mockito's documentation: https://javadoc.io/doc/org.mockito/mockito-core/latest/org.mockito/org/mockito/Mockito.html#0.3
WARNING: A Java agent has been loaded dynamically (C:\Users\DELL\.m2\repository\net\bytebuddy\byte-buddy-agent\1.17.8\byte-buddy-agent-1.17.8.jar)
WARNING: If a serviceability tool is in use, please run with -XX:+EnableDynamicAgentLoading to hide this warning
WARNING: If a serviceability tool is not in use, please run with -Djdk.instrument.traceUsage for more information
WARNING: Dynamic loading of agents will be disallowed by default in a future release
]]></system-err>
  </testcase>
</testsuite>